2025-04-04 07:04:00.489433 - Received CBT.V508.FILE271.PDS from FILE271.XMI 
2025-04-04 07:04:00.490730 - Found $$$#DATE.txt (text/plain) in CBT.V508.FILE271.PDS, moved to PDS/$$$#DATE
2025-04-04 07:04:00.490869 - Found ##V3R2M4.bin (application/octet-stream) in CBT.V508.FILE271.PDS, moved to PDS/##V3R2M4
2025-04-04 07:04:00.491009 - Found #CHANGES.bin (application/octet-stream) in CBT.V508.FILE271.PDS, moved to PDS/#CHANGES
2025-04-04 07:04:00.491135 - Found #CPYRITE.txt (text/plain) in CBT.V508.FILE271.PDS, moved to PDS/#CPYRITE
2025-04-04 07:04:00.491252 - Found #DINSTLL.bin (application/octet-stream) in CBT.V508.FILE271.PDS, moved to PDS/#DINSTLL
2025-04-04 07:04:00.491365 - Found #DISTRIB.txt (text/plain) in CBT.V508.FILE271.PDS, moved to PDS/#DISTRIB
2025-04-04 07:04:00.491511 - Found #INSTALL.bin (application/octet-stream) in CBT.V508.FILE271.PDS, moved to PDS/#INSTALL
2025-04-04 07:04:00.491657 - Found #USERGDE.bin (application/octet-stream) in CBT.V508.FILE271.PDS, moved to PDS/#USERGDE
2025-04-04 07:04:00.491771 - Found #YSP311.txt (text/plain) in CBT.V508.FILE271.PDS, moved to PDS/#YSP311
2025-04-04 07:04:00.491887 - Found #YSP312.txt (text/plain) in CBT.V508.FILE271.PDS, moved to PDS/#YSP312
2025-04-04 07:04:00.492003 - Found #YSP313.txt (text/plain) in CBT.V508.FILE271.PDS, moved to PDS/#YSP313
2025-04-04 07:04:00.492124 - Found #YSP314.bin (application/octet-stream) in CBT.V508.FILE271.PDS, moved to PDS/#YSP314
2025-04-04 07:04:00.492237 - Found #ZSP131.txt (text/plain) in CBT.V508.FILE271.PDS, moved to PDS/#ZSP131
2025-04-04 07:04:00.492357 - Found #ZSP132.txt (text/plain) in CBT.V508.FILE271.PDS, moved to PDS/#ZSP132
2025-04-04 07:04:00.492475 - Found #ZSP133.txt (text/plain) in CBT.V508.FILE271.PDS, moved to PDS/#ZSP133
2025-04-04 07:04:00.492593 - Found #ZSP134.bin (application/octet-stream) in CBT.V508.FILE271.PDS, moved to PDS/#ZSP134
2025-04-04 07:04:00.492705 - Found #ZSP211.txt (text/plain) in CBT.V508.FILE271.PDS, moved to PDS/#ZSP211
2025-04-04 07:04:00.492848 - Found #ZSP212.txt (text/plain) in CBT.V508.FILE271.PDS, moved to PDS/#ZSP212
2025-04-04 07:04:00.492965 - Found #ZSP213.txt (text/plain) in CBT.V508.FILE271.PDS, moved to PDS/#ZSP213
2025-04-04 07:04:00.493088 - Found #ZSP214.bin (application/octet-stream) in CBT.V508.FILE271.PDS, moved to PDS/#ZSP214
2025-04-04 07:04:00.493195 - Found #ZSP221.txt (text/plain) in CBT.V508.FILE271.PDS, moved to PDS/#ZSP221
2025-04-04 07:04:00.493308 - Found #ZSP222.txt (text/plain) in CBT.V508.FILE271.PDS, moved to PDS/#ZSP222
2025-04-04 07:04:00.493442 - Found #ZSP223.txt (text/plain) in CBT.V508.FILE271.PDS, moved to PDS/#ZSP223
2025-04-04 07:04:00.493557 - Found #ZSP224.bin (application/octet-stream) in CBT.V508.FILE271.PDS, moved to PDS/#ZSP224
2025-04-04 07:04:00.493676 - Found @FILE271.txt (text/plain) in CBT.V508.FILE271.PDS, moved to PDS/@FILE271
2025-04-04 07:04:00.493789 - Found IEFCVRWA.txt (text/plain) in CBT.V508.FILE271.PDS, moved to PDS/IEFCVRWA
2025-04-04 07:04:00.494794 - Found IEFVPP.txt (text/plain) in CBT.V508.FILE271.PDS, moved to PDS/IEFVPP
2025-04-04 07:04:00.494942 - Found VPPOBJ.bin (application/octet-stream) in CBT.V508.FILE271.PDS, moved to PDS/VPPOBJ
